# Info: [9566]: Logging session transcript to file /cal/homes/rdesouza/Desktop/SE204/median/synthese/precision.log
//  Precision RTL Synthesis 64-bit 2015.2.16 (PS2015.2.1 Production Release) Tue Jan  5 23:04:49 PST 2016
//  
//  Copyright (c) Mentor Graphics Corporation, 1996-2016, All Rights Reserved.
//             Portions copyright 1991-2008 Compuware Corporation
//                       UNPUBLISHED, LICENSED SOFTWARE.
//            CONFIDENTIAL AND PROPRIETARY INFORMATION WHICH IS THE
//          PROPERTY OF MENTOR GRAPHICS CORPORATION OR ITS LICENSORS
//  
//  Running on Linux rdesouza@c127-15 #1 SMP Debian 3.16.7-ckt20-1+deb8u3 (2016-01-17) 3.16.0-4-amd64 x86_64
//  
//  Start time Fri Mar  4 18:18:14 2016
# -------------------------------------------------
# Info: [9566]: Logging session transcript to file /cal/homes/rdesouza/Desktop/SE204/median/synthese/precision.log
# COMMAND: dofile synthesis.tcl
# Info: /cal/homes/rdesouza/Desktop/SE204/median/synthese/../src/MCE.sv
# Info: MCE
# Info: [9574]: Input directory: /cal/homes/rdesouza/Desktop/SE204/median/synthese
# Info: [9555]: Created project /cal/homes/rdesouza/Desktop/SE204/median/synthese/MCE.psp in folder /cal/homes/rdesouza/Desktop/SE204/median/synthese.
# Info: [9531]: Created directory: /cal/homes/rdesouza/Desktop/SE204/median/synthese/MCE.
# Info: [9554]: Created implementation MCE in project /cal/homes/rdesouza/Desktop/SE204/median/synthese/MCE.psp.
# Info: [9575]: The Results Directory has been set to: /cal/homes/rdesouza/Desktop/SE204/median/synthese/MCE/
# Info: [9566]: Logging project transcript to file /cal/homes/rdesouza/Desktop/SE204/median/synthese/MCE/precision.log
# Info: [9566]: Logging suppressed messages transcript to file /cal/homes/rdesouza/Desktop/SE204/median/synthese/MCE/precision.log.suppressed
# Info: [9550]: Activated implementation MCE in project /cal/homes/rdesouza/Desktop/SE204/median/synthese/MCE.psp.
# Info: [15298]: Setting up the design to use synthesis library "cycloneii.syn"
# Info: [574]: The global max fanout is currently set to 1000 for Altera - Cyclone II.
# Info: [15324]: Setting Part to: "EP2C35F672C".
# Info: [15325]: Setting Process to: "8".
# Info: [3022]: Reading file: /comelec/softs/opt/mentor/precision/current/Mgc_home/pkgs/psr/techlibs/cycloneii.syn.
# Info: [633]: Loading library initialization file /comelec/softs/opt/mentor/precision/current/Mgc_home/pkgs/psr/userware/yeager_rename.tcl
# Info: [618]: Vendor library directory /comelec/softs/opt/altera/altera13.0sp1/quartus/eda/synthesis was not found. Vendor library directory /comelec/softs/opt/altera/altera13.0sp1/quartus/eda/sim_lib contains simulation RTL constructs that cannot be processed by Precision. Reading the pre-compiled version
# Info: [40000]: hdl-analyze, Release RTLC-Precision 2015b.13
# Info: [41002]: Analyzing input file "/cal/homes/rdesouza/Desktop/SE204/median/synthese/../src/MCE.sv" ...
# Info: [656]: Current working directory: /cal/homes/rdesouza/Desktop/SE204/median/synthese/MCE.
# Info: [40000]: RTLC-Driver, Release RTLC-Precision 2015b.13
# Info: [40000]: Last compiled on Dec 24 2015 14:33:45
# Info: [44512]: Initializing...
# Info: [44504]: Partitioning design ....
# Info: [40000]: RTLCompiler, Release RTLC-Precision 2015b.13
# Info: [40000]: Last compiled on Dec 24 2015 15:06:12
# Info: [44512]: Initializing...
# Info: [44522]: Root Module MCE: Pre-processing...
# Info: [44523]: Root Module MCE: Compiling...
# Info: [44842]: Compilation successfully completed.
# Info: [44856]: Total lines of RTL compiled: 12.
# Info: [44835]: Total CPU time for compilation: 0.0 secs.
# Info: [44513]: Overall running time for compilation: 2.0 secs.
# Info: [656]: Current working directory: /cal/homes/rdesouza/Desktop/SE204/median/synthese/MCE.
# Info: [15330]: Doing rtl optimizations.
# Info: [659]: Finished compiling design.
# Info: [656]: Current working directory: /cal/homes/rdesouza/Desktop/SE204/median/synthese/MCE.
# Info: [15002]: Optimizing design view:.work.MCE.INTERFACE
# Info: [3027]: Writing file: /cal/homes/rdesouza/Desktop/SE204/median/synthese/MCE/MCE.edf.
# Info: Info, Writing xrf file '/cal/homes/rdesouza/Desktop/SE204/median/synthese/MCE/MCE.xrf'
# Info: [3027]: Writing file: /cal/homes/rdesouza/Desktop/SE204/median/synthese/MCE/MCE.xrf.
# Info: [3027]: Writing file: /cal/homes/rdesouza/Desktop/SE204/median/synthese/MCE/MCE.v.
# Info: [3027]: Writing file: /cal/homes/rdesouza/Desktop/SE204/median/synthese/MCE/MCE.xrf.
# Info: [3027]: Writing file: /cal/homes/rdesouza/Desktop/SE204/median/synthese/MCE/MCE.vqm.
# Info: [3027]: Writing file: /cal/homes/rdesouza/Desktop/SE204/median/synthese/MCE/MCE.xrf.
# Info: -- Writing file /cal/homes/rdesouza/Desktop/SE204/median/synthese/MCE/MCE.tcl
# Info: exq_pr_compile_project gen_vcf MCE 1
# Info: [659]: Finished synthesizing design.
# Info: [11019]: Total CPU time for synthesis: 0.2 s secs.
# Info: [11020]: Overall running time for synthesis: 2.5 s secs.
# Info: [9562]: Saved implementation MCE in project /cal/homes/rdesouza/Desktop/SE204/median/synthese/MCE.psp.
# Info: [9562]: Saved implementation MCE in project /cal/homes/rdesouza/Desktop/SE204/median/synthese/MCE.psp.
dofile synthesis.tcl
# COMMAND: report_area /cal/homes/rdesouza/Desktop/SE204/median/synthese/MCE/MCE_area.rep -cell_usage
report_area /cal/homes/rdesouza/Desktop/SE204/median/synthese/MCE/MCE_area.rep -cell_usage
# COMMAND: save_project
# Info: [9562]: Saved implementation MCE in project /cal/homes/rdesouza/Desktop/SE204/median/synthese/MCE.psp.
save_project
# COMMAND: close_project -discard
# Info: [9530]: Closed project: /cal/homes/rdesouza/Desktop/SE204/median/synthese/MCE.psp.
close_project -discard
# COMMAND: exit
exit
